[
  {
    "line": 1,
    "elements": [
      {
        "before": [
          {
            "result": {
              "duration": 6511799200,
              "status": "passed"
            },
            "match": {
              "location": "Hooks.setUp()"
            }
          }
        ],
        "line": 5,
        "name": "User should be able to verify the product arranged in alphabetical order",
        "description": "",
        "id": "desktops-test;user-should-be-able-to-verify-the-product-arranged-in-alphabetical-order",
        "after": [
          {
            "result": {
              "duration": 473294700,
              "status": "passed"
            },
            "match": {
              "location": "Hooks.tearDown(Scenario)"
            }
          }
        ],
        "type": "scenario",
        "keyword": "Scenario",
        "steps": [
          {
            "result": {
              "duration": 128781800,
              "error_message": "java.lang.ExceptionInInitializerError\r\n\tat cucumber.deps.com.thoughtworks.xstream.XStream.setupConverters(XStream.java:820)\r\n\tat cucumber.deps.com.thoughtworks.xstream.XStream.\u003cinit\u003e(XStream.java:574)\r\n\tat cucumber.deps.com.thoughtworks.xstream.XStream.\u003cinit\u003e(XStream.java:530)\r\n\tat cucumber.runtime.xstream.LocalizedXStreams$LocalizedXStream.\u003cinit\u003e(LocalizedXStreams.java:50)\r\n\tat cucumber.runtime.xstream.LocalizedXStreams.newXStream(LocalizedXStreams.java:37)\r\n\tat cucumber.runtime.xstream.LocalizedXStreams.get(LocalizedXStreams.java:29)\r\n\tat cucumber.runtime.StepDefinitionMatch.runStep(StepDefinitionMatch.java:37)\r\n\tat cucumber.runtime.Runtime.runStep(Runtime.java:300)\r\n\tat cucumber.runtime.model.StepContainer.runStep(StepContainer.java:44)\r\n\tat cucumber.runtime.model.StepContainer.runSteps(StepContainer.java:39)\r\n\tat cucumber.runtime.model.CucumberScenario.run(CucumberScenario.java:44)\r\n\tat cucumber.runtime.junit.ExecutionUnitRunner.run(ExecutionUnitRunner.java:102)\r\n\tat cucumber.runtime.junit.FeatureRunner.runChild(FeatureRunner.java:63)\r\n\tat cucumber.runtime.junit.FeatureRunner.runChild(FeatureRunner.java:18)\r\n\tat org.junit.runners.ParentRunner$4.run(ParentRunner.java:331)\r\n\tat org.junit.runners.ParentRunner$1.schedule(ParentRunner.java:79)\r\n\tat org.junit.runners.ParentRunner.runChildren(ParentRunner.java:329)\r\n\tat org.junit.runners.ParentRunner.access$100(ParentRunner.java:66)\r\n\tat org.junit.runners.ParentRunner$2.evaluate(ParentRunner.java:293)\r\n\tat org.junit.runners.ParentRunner$3.evaluate(ParentRunner.java:306)\r\n\tat org.junit.runners.ParentRunner.run(ParentRunner.java:413)\r\n\tat cucumber.runtime.junit.FeatureRunner.run(FeatureRunner.java:70)\r\n\tat cucumber.api.junit.Cucumber.runChild(Cucumber.java:95)\r\n\tat cucumber.api.junit.Cucumber.runChild(Cucumber.java:38)\r\n\tat org.junit.runners.ParentRunner$4.run(ParentRunner.java:331)\r\n\tat org.junit.runners.ParentRunner$1.schedule(ParentRunner.java:79)\r\n\tat org.junit.runners.ParentRunner.runChildren(ParentRunner.java:329)\r\n\tat org.junit.runners.ParentRunner.access$100(ParentRunner.java:66)\r\n\tat org.junit.runners.ParentRunner$2.evaluate(ParentRunner.java:293)\r\n\tat org.junit.internal.runners.statements.RunAfters.evaluate(RunAfters.java:27)\r\n\tat org.junit.runners.ParentRunner$3.evaluate(ParentRunner.java:306)\r\n\tat org.junit.runners.ParentRunner.run(ParentRunner.java:413)\r\n\tat cucumber.api.junit.Cucumber.run(Cucumber.java:100)\r\n\tat org.junit.runner.JUnitCore.run(JUnitCore.java:137)\r\n\tat com.intellij.junit4.JUnit4IdeaTestRunner.startRunnerWithArgs(JUnit4IdeaTestRunner.java:69)\r\n\tat com.intellij.rt.junit.IdeaTestRunner$Repeater$1.execute(IdeaTestRunner.java:38)\r\n\tat com.intellij.rt.execution.junit.TestsRepeater.repeat(TestsRepeater.java:11)\r\n\tat com.intellij.rt.junit.IdeaTestRunner$Repeater.startRunnerWithArgs(IdeaTestRunner.java:35)\r\n\tat com.intellij.rt.junit.JUnitStarter.prepareStreamsAndStart(JUnitStarter.java:235)\r\n\tat com.intellij.rt.junit.JUnitStarter.main(JUnitStarter.java:54)\r\n\tat ✽.Given I am on homepage(desktopspage.feature:6)\r\nCaused by: java.lang.reflect.InaccessibleObjectException: Unable to make field private final java.util.Comparator java.util.TreeMap.comparator accessible: module java.base does not \"opens java.util\" to unnamed module @e73f9ac\r\n\tat java.base/java.lang.reflect.AccessibleObject.throwInaccessibleObjectException(AccessibleObject.java:387)\r\n\tat java.base/java.lang.reflect.AccessibleObject.checkCanSetAccessible(AccessibleObject.java:363)\r\n\tat java.base/java.lang.reflect.AccessibleObject.checkCanSetAccessible(AccessibleObject.java:311)\r\n\tat java.base/java.lang.reflect.Field.checkCanSetAccessible(Field.java:180)\r\n\tat java.base/java.lang.reflect.Field.setAccessible(Field.java:174)\r\n\tat cucumber.deps.com.thoughtworks.xstream.core.util.Fields.locate(Fields.java:39)\r\n\tat cucumber.deps.com.thoughtworks.xstream.converters.collections.TreeMapConverter.\u003cclinit\u003e(TreeMapConverter.java:50)\r\n\tat cucumber.deps.com.thoughtworks.xstream.XStream.setupConverters(XStream.java:820)\r\n\tat cucumber.deps.com.thoughtworks.xstream.XStream.\u003cinit\u003e(XStream.java:574)\r\n\tat cucumber.deps.com.thoughtworks.xstream.XStream.\u003cinit\u003e(XStream.java:530)\r\n\tat cucumber.runtime.xstream.LocalizedXStreams$LocalizedXStream.\u003cinit\u003e(LocalizedXStreams.java:50)\r\n\tat cucumber.runtime.xstream.LocalizedXStreams.newXStream(LocalizedXStreams.java:37)\r\n\tat cucumber.runtime.xstream.LocalizedXStreams.get(LocalizedXStreams.java:29)\r\n\tat cucumber.runtime.StepDefinitionMatch.runStep(StepDefinitionMatch.java:37)\r\n\tat cucumber.runtime.Runtime.runStep(Runtime.java:300)\r\n\tat cucumber.runtime.model.StepContainer.runStep(StepContainer.java:44)\r\n\tat cucumber.runtime.model.StepContainer.runSteps(StepContainer.java:39)\r\n\tat cucumber.runtime.model.CucumberScenario.run(CucumberScenario.java:44)\r\n\tat cucumber.runtime.junit.ExecutionUnitRunner.run(ExecutionUnitRunner.java:102)\r\n\tat cucumber.runtime.junit.FeatureRunner.runChild(FeatureRunner.java:63)\r\n\tat cucumber.runtime.junit.FeatureRunner.runChild(FeatureRunner.java:18)\r\n\tat org.junit.runners.ParentRunner$4.run(ParentRunner.java:331)\r\n\tat org.junit.runners.ParentRunner$1.schedule(ParentRunner.java:79)\r\n\tat org.junit.runners.ParentRunner.runChildren(ParentRunner.java:329)\r\n\tat org.junit.runners.ParentRunner.access$100(ParentRunner.java:66)\r\n\tat org.junit.runners.ParentRunner$2.evaluate(ParentRunner.java:293)\r\n\tat org.junit.runners.ParentRunner$3.evaluate(ParentRunner.java:306)\r\n\tat org.junit.runners.ParentRunner.run(ParentRunner.java:413)\r\n\tat cucumber.runtime.junit.FeatureRunner.run(FeatureRunner.java:70)\r\n\tat cucumber.api.junit.Cucumber.runChild(Cucumber.java:95)\r\n\tat cucumber.api.junit.Cucumber.runChild(Cucumber.java:38)\r\n\tat org.junit.runners.ParentRunner$4.run(ParentRunner.java:331)\r\n\tat org.junit.runners.ParentRunner$1.schedule(ParentRunner.java:79)\r\n\tat org.junit.runners.ParentRunner.runChildren(ParentRunner.java:329)\r\n\tat org.junit.runners.ParentRunner.access$100(ParentRunner.java:66)\r\n\tat org.junit.runners.ParentRunner$2.evaluate(ParentRunner.java:293)\r\n\tat org.junit.internal.runners.statements.RunAfters.evaluate(RunAfters.java:27)\r\n\tat org.junit.runners.ParentRunner$3.evaluate(ParentRunner.java:306)\r\n\tat org.junit.runners.ParentRunner.run(ParentRunner.java:413)\r\n\tat cucumber.api.junit.Cucumber.run(Cucumber.java:100)\r\n\tat org.junit.runner.JUnitCore.run(JUnitCore.java:137)\r\n\tat com.intellij.junit4.JUnit4IdeaTestRunner.startRunnerWithArgs(JUnit4IdeaTestRunner.java:69)\r\n\tat com.intellij.rt.junit.IdeaTestRunner$Repeater$1.execute(IdeaTestRunner.java:38)\r\n\tat com.intellij.rt.execution.junit.TestsRepeater.repeat(TestsRepeater.java:11)\r\n\tat com.intellij.rt.junit.IdeaTestRunner$Repeater.startRunnerWithArgs(IdeaTestRunner.java:35)\r\n\tat com.intellij.rt.junit.JUnitStarter.prepareStreamsAndStart(JUnitStarter.java:235)\r\n\tat com.intellij.rt.junit.JUnitStarter.main(JUnitStarter.java:54)\r\n",
              "status": "failed"
            },
            "line": 6,
            "name": "I am on homepage",
            "match": {
              "location": "HomePageTestSteps.iAmOnHomepage()"
            },
            "keyword": "Given "
          },
          {
            "result": {
              "status": "skipped"
            },
            "line": 7,
            "name": "I mouse hover and click on Desktops tab",
            "match": {
              "location": "HomePageTestSteps.iMouseHoverAndClickOnDesktopsTab()"
            },
            "keyword": "When "
          },
          {
            "result": {
              "status": "skipped"
            },
            "line": 8,
            "name": "I pass selectMenu method name \"Show AllDesktops\"",
            "match": {
              "arguments": [
                {
                  "val": "Show AllDesktops",
                  "offset": 31
                }
              ],
              "location": "HomePageTestSteps.iPassSelectMenuMethodName(String)"
            },
            "keyword": "And "
          },
          {
            "result": {
              "status": "skipped"
            },
            "line": 9,
            "name": "I select sort by position \"Name (Z - A)\"",
            "match": {
              "arguments": [
                {
                  "val": "Name (Z - A)",
                  "offset": 27
                }
              ],
              "location": "DesktopTestSteps.i_select_sort_by_position(String)"
            },
            "keyword": "And "
          },
          {
            "result": {
              "status": "skipped"
            },
            "line": 10,
            "name": "I should be able to verify that the product is arranged in descending order",
            "match": {
              "location": "DesktopTestSteps.i_should_be_able_to_verify_that_the_product_is_arranged_in_descending_order()"
            },
            "keyword": "Then "
          }
        ],
        "tags": [
          {
            "line": 4,
            "name": "@regression"
          },
          {
            "line": 4,
            "name": "@sanity"
          }
        ]
      }
    ],
    "name": "Desktops Test",
    "description": "As user I want to verify the product arranged in alphabetical order",
    "id": "desktops-test",
    "keyword": "Feature",
    "uri": "desktopspage.feature"
  },
  {
    "line": 1,
    "elements": [
      {
        "before": [
          {
            "result": {
              "duration": 6051901900,
              "status": "passed"
            },
            "match": {
              "location": "Hooks.setUp()"
            }
          }
        ],
        "line": 12,
        "name": "User should be able to navigate to LaptopsAndNotebooks menu successfully",
        "description": "",
        "id": "top-menu-test;user-should-be-able-to-navigate-to-laptopsandnotebooks-menu-successfully",
        "after": [
          {
            "result": {
              "duration": 470371800,
              "status": "passed"
            },
            "match": {
              "location": "Hooks.tearDown(Scenario)"
            }
          }
        ],
        "type": "scenario",
        "keyword": "Scenario",
        "steps": [
          {
            "result": {
              "duration": 5114300,
              "error_message": "java.lang.NoClassDefFoundError: Could not initialize class cucumber.deps.com.thoughtworks.xstream.converters.collections.TreeMapConverter\r\n\tat cucumber.deps.com.thoughtworks.xstream.XStream.setupConverters(XStream.java:820)\r\n\tat cucumber.deps.com.thoughtworks.xstream.XStream.\u003cinit\u003e(XStream.java:574)\r\n\tat cucumber.deps.com.thoughtworks.xstream.XStream.\u003cinit\u003e(XStream.java:530)\r\n\tat cucumber.runtime.xstream.LocalizedXStreams$LocalizedXStream.\u003cinit\u003e(LocalizedXStreams.java:50)\r\n\tat cucumber.runtime.xstream.LocalizedXStreams.newXStream(LocalizedXStreams.java:37)\r\n\tat cucumber.runtime.xstream.LocalizedXStreams.get(LocalizedXStreams.java:29)\r\n\tat cucumber.runtime.StepDefinitionMatch.runStep(StepDefinitionMatch.java:37)\r\n\tat cucumber.runtime.Runtime.runStep(Runtime.java:300)\r\n\tat cucumber.runtime.model.StepContainer.runStep(StepContainer.java:44)\r\n\tat cucumber.runtime.model.StepContainer.runSteps(StepContainer.java:39)\r\n\tat cucumber.runtime.model.CucumberScenario.run(CucumberScenario.java:44)\r\n\tat cucumber.runtime.junit.ExecutionUnitRunner.run(ExecutionUnitRunner.java:102)\r\n\tat cucumber.runtime.junit.FeatureRunner.runChild(FeatureRunner.java:63)\r\n\tat cucumber.runtime.junit.FeatureRunner.runChild(FeatureRunner.java:18)\r\n\tat org.junit.runners.ParentRunner$4.run(ParentRunner.java:331)\r\n\tat org.junit.runners.ParentRunner$1.schedule(ParentRunner.java:79)\r\n\tat org.junit.runners.ParentRunner.runChildren(ParentRunner.java:329)\r\n\tat org.junit.runners.ParentRunner.access$100(ParentRunner.java:66)\r\n\tat org.junit.runners.ParentRunner$2.evaluate(ParentRunner.java:293)\r\n\tat org.junit.runners.ParentRunner$3.evaluate(ParentRunner.java:306)\r\n\tat org.junit.runners.ParentRunner.run(ParentRunner.java:413)\r\n\tat cucumber.runtime.junit.FeatureRunner.run(FeatureRunner.java:70)\r\n\tat cucumber.api.junit.Cucumber.runChild(Cucumber.java:95)\r\n\tat cucumber.api.junit.Cucumber.runChild(Cucumber.java:38)\r\n\tat org.junit.runners.ParentRunner$4.run(ParentRunner.java:331)\r\n\tat org.junit.runners.ParentRunner$1.schedule(ParentRunner.java:79)\r\n\tat org.junit.runners.ParentRunner.runChildren(ParentRunner.java:329)\r\n\tat org.junit.runners.ParentRunner.access$100(ParentRunner.java:66)\r\n\tat org.junit.runners.ParentRunner$2.evaluate(ParentRunner.java:293)\r\n\tat org.junit.internal.runners.statements.RunAfters.evaluate(RunAfters.java:27)\r\n\tat org.junit.runners.ParentRunner$3.evaluate(ParentRunner.java:306)\r\n\tat org.junit.runners.ParentRunner.run(ParentRunner.java:413)\r\n\tat cucumber.api.junit.Cucumber.run(Cucumber.java:100)\r\n\tat org.junit.runner.JUnitCore.run(JUnitCore.java:137)\r\n\tat com.intellij.junit4.JUnit4IdeaTestRunner.startRunnerWithArgs(JUnit4IdeaTestRunner.java:69)\r\n\tat com.intellij.rt.junit.IdeaTestRunner$Repeater$1.execute(IdeaTestRunner.java:38)\r\n\tat com.intellij.rt.execution.junit.TestsRepeater.repeat(TestsRepeater.java:11)\r\n\tat com.intellij.rt.junit.IdeaTestRunner$Repeater.startRunnerWithArgs(IdeaTestRunner.java:35)\r\n\tat com.intellij.rt.junit.JUnitStarter.prepareStreamsAndStart(JUnitStarter.java:235)\r\n\tat com.intellij.rt.junit.JUnitStarter.main(JUnitStarter.java:54)\r\n\tat ✽.Given I am on homepage(homepage.feature:13)\r\nCaused by: java.lang.ExceptionInInitializerError: Exception java.lang.reflect.InaccessibleObjectException: Unable to make field private final java.util.Comparator java.util.TreeMap.comparator accessible: module java.base does not \"opens java.util\" to unnamed module @e73f9ac [in thread \"main\"]\r\n\tat java.base/java.lang.reflect.AccessibleObject.throwInaccessibleObjectException(AccessibleObject.java:387)\r\n\tat java.base/java.lang.reflect.AccessibleObject.checkCanSetAccessible(AccessibleObject.java:363)\r\n\tat java.base/java.lang.reflect.AccessibleObject.checkCanSetAccessible(AccessibleObject.java:311)\r\n\tat java.base/java.lang.reflect.Field.checkCanSetAccessible(Field.java:180)\r\n\tat java.base/java.lang.reflect.Field.setAccessible(Field.java:174)\r\n\tat cucumber.deps.com.thoughtworks.xstream.core.util.Fields.locate(Fields.java:39)\r\n\tat cucumber.deps.com.thoughtworks.xstream.converters.collections.TreeMapConverter.\u003cclinit\u003e(TreeMapConverter.java:50)\r\n\tat cucumber.deps.com.thoughtworks.xstream.XStream.setupConverters(XStream.java:820)\r\n\tat cucumber.deps.com.thoughtworks.xstream.XStream.\u003cinit\u003e(XStream.java:574)\r\n\tat cucumber.deps.com.thoughtworks.xstream.XStream.\u003cinit\u003e(XStream.java:530)\r\n\tat cucumber.runtime.xstream.LocalizedXStreams$LocalizedXStream.\u003cinit\u003e(LocalizedXStreams.java:50)\r\n\tat cucumber.runtime.xstream.LocalizedXStreams.newXStream(LocalizedXStreams.java:37)\r\n\tat cucumber.runtime.xstream.LocalizedXStreams.get(LocalizedXStreams.java:29)\r\n\tat cucumber.runtime.StepDefinitionMatch.runStep(StepDefinitionMatch.java:37)\r\n\tat cucumber.runtime.Runtime.runStep(Runtime.java:300)\r\n\tat cucumber.runtime.model.StepContainer.runStep(StepContainer.java:44)\r\n\tat cucumber.runtime.model.StepContainer.runSteps(StepContainer.java:39)\r\n\tat cucumber.runtime.model.CucumberScenario.run(CucumberScenario.java:44)\r\n\tat cucumber.runtime.junit.ExecutionUnitRunner.run(ExecutionUnitRunner.java:102)\r\n\tat cucumber.runtime.junit.FeatureRunner.runChild(FeatureRunner.java:63)\r\n\tat cucumber.runtime.junit.FeatureRunner.runChild(FeatureRunner.java:18)\r\n\tat org.junit.runners.ParentRunner$4.run(ParentRunner.java:331)\r\n\tat org.junit.runners.ParentRunner$1.schedule(ParentRunner.java:79)\r\n\tat org.junit.runners.ParentRunner.runChildren(ParentRunner.java:329)\r\n\tat org.junit.runners.ParentRunner.access$100(ParentRunner.java:66)\r\n\tat org.junit.runners.ParentRunner$2.evaluate(ParentRunner.java:293)\r\n\tat org.junit.runners.ParentRunner$3.evaluate(ParentRunner.java:306)\r\n\tat org.junit.runners.ParentRunner.run(ParentRunner.java:413)\r\n\tat cucumber.runtime.junit.FeatureRunner.run(FeatureRunner.java:70)\r\n\tat cucumber.api.junit.Cucumber.runChild(Cucumber.java:95)\r\n\tat cucumber.api.junit.Cucumber.runChild(Cucumber.java:38)\r\n\tat org.junit.runners.ParentRunner$4.run(ParentRunner.java:331)\r\n\tat org.junit.runners.ParentRunner$1.schedule(ParentRunner.java:79)\r\n\tat org.junit.runners.ParentRunner.runChildren(ParentRunner.java:329)\r\n\tat org.junit.runners.ParentRunner.access$100(ParentRunner.java:66)\r\n\tat org.junit.runners.ParentRunner$2.evaluate(ParentRunner.java:293)\r\n\tat org.junit.internal.runners.statements.RunAfters.evaluate(RunAfters.java:27)\r\n\tat org.junit.runners.ParentRunner$3.evaluate(ParentRunner.java:306)\r\n\tat org.junit.runners.ParentRunner.run(ParentRunner.java:413)\r\n\tat cucumber.api.junit.Cucumber.run(Cucumber.java:100)\r\n\tat org.junit.runner.JUnitCore.run(JUnitCore.java:137)\r\n\tat com.intellij.junit4.JUnit4IdeaTestRunner.startRunnerWithArgs(JUnit4IdeaTestRunner.java:69)\r\n\tat com.intellij.rt.junit.IdeaTestRunner$Repeater$1.execute(IdeaTestRunner.java:38)\r\n\tat com.intellij.rt.execution.junit.TestsRepeater.repeat(TestsRepeater.java:11)\r\n\tat com.intellij.rt.junit.IdeaTestRunner$Repeater.startRunnerWithArgs(IdeaTestRunner.java:35)\r\n\tat com.intellij.rt.junit.JUnitStarter.prepareStreamsAndStart(JUnitStarter.java:235)\r\n\tat com.intellij.rt.junit.JUnitStarter.main(JUnitStarter.java:54)\r\n",
              "status": "failed"
            },
            "line": 13,
            "name": "I am on homepage",
            "match": {
              "location": "HomePageTestSteps.iAmOnHomepage()"
            },
            "keyword": "Given "
          },
          {
            "result": {
              "status": "skipped"
            },
            "line": 14,
            "name": "I mouse hover and click on Laptops \u0026 Notebooks tab",
            "match": {
              "location": "HomePageTestSteps.iMouseHoverAndClickOnLaptopsNotebooksTab()"
            },
            "keyword": "When "
          },
          {
            "result": {
              "status": "skipped"
            },
            "line": 15,
            "name": "I pass selectMenu method name \"Show AllLaptops \u0026 Notebooks\"",
            "match": {
              "arguments": [
                {
                  "val": "Show AllLaptops \u0026 Notebooks",
                  "offset": 31
                }
              ],
              "location": "HomePageTestSteps.iPassSelectMenuMethodName(String)"
            },
            "keyword": "And "
          },
          {
            "result": {
              "status": "skipped"
            },
            "line": 16,
            "name": "I should be able to verify Laptops \u0026 Notebooks text",
            "match": {
              "location": "HomePageTestSteps.iShouldBeAbleToVerifyLaptopsNotebooksText()"
            },
            "keyword": "Then "
          }
        ],
        "tags": [
          {
            "line": 11,
            "name": "@regression"
          },
          {
            "line": 11,
            "name": "@sanity"
          }
        ]
      }
    ],
    "name": "Top Menu Test",
    "description": "As user I want to navigate to Desktops, LaptopsAndNotebooks and Components menu successfully",
    "id": "top-menu-test",
    "keyword": "Feature",
    "uri": "homepage.feature"
  },
  {
    "line": 1,
    "elements": [
      {
        "before": [
          {
            "result": {
              "duration": 5257995100,
              "status": "passed"
            },
            "match": {
              "location": "Hooks.setUp()"
            }
          }
        ],
        "line": 15,
        "name": "User should be able to verify that user place order successfully",
        "description": "",
        "id": "laptops-and-notebooks-page;user-should-be-able-to-verify-that-user-place-order-successfully",
        "after": [
          {
            "result": {
              "duration": 390948900,
              "status": "passed"
            },
            "match": {
              "location": "Hooks.tearDown(Scenario)"
            }
          }
        ],
        "type": "scenario",
        "keyword": "Scenario",
        "steps": [
          {
            "result": {
              "duration": 747500,
              "error_message": "java.lang.NoClassDefFoundError: Could not initialize class cucumber.deps.com.thoughtworks.xstream.converters.collections.TreeMapConverter\r\n\tat cucumber.deps.com.thoughtworks.xstream.XStream.setupConverters(XStream.java:820)\r\n\tat cucumber.deps.com.thoughtworks.xstream.XStream.\u003cinit\u003e(XStream.java:574)\r\n\tat cucumber.deps.com.thoughtworks.xstream.XStream.\u003cinit\u003e(XStream.java:530)\r\n\tat cucumber.runtime.xstream.LocalizedXStreams$LocalizedXStream.\u003cinit\u003e(LocalizedXStreams.java:50)\r\n\tat cucumber.runtime.xstream.LocalizedXStreams.newXStream(LocalizedXStreams.java:37)\r\n\tat cucumber.runtime.xstream.LocalizedXStreams.get(LocalizedXStreams.java:29)\r\n\tat cucumber.runtime.StepDefinitionMatch.runStep(StepDefinitionMatch.java:37)\r\n\tat cucumber.runtime.Runtime.runStep(Runtime.java:300)\r\n\tat cucumber.runtime.model.StepContainer.runStep(StepContainer.java:44)\r\n\tat cucumber.runtime.model.StepContainer.runSteps(StepContainer.java:39)\r\n\tat cucumber.runtime.model.CucumberScenario.run(CucumberScenario.java:44)\r\n\tat cucumber.runtime.junit.ExecutionUnitRunner.run(ExecutionUnitRunner.java:102)\r\n\tat cucumber.runtime.junit.FeatureRunner.runChild(FeatureRunner.java:63)\r\n\tat cucumber.runtime.junit.FeatureRunner.runChild(FeatureRunner.java:18)\r\n\tat org.junit.runners.ParentRunner$4.run(ParentRunner.java:331)\r\n\tat org.junit.runners.ParentRunner$1.schedule(ParentRunner.java:79)\r\n\tat org.junit.runners.ParentRunner.runChildren(ParentRunner.java:329)\r\n\tat org.junit.runners.ParentRunner.access$100(ParentRunner.java:66)\r\n\tat org.junit.runners.ParentRunner$2.evaluate(ParentRunner.java:293)\r\n\tat org.junit.runners.ParentRunner$3.evaluate(ParentRunner.java:306)\r\n\tat org.junit.runners.ParentRunner.run(ParentRunner.java:413)\r\n\tat cucumber.runtime.junit.FeatureRunner.run(FeatureRunner.java:70)\r\n\tat cucumber.api.junit.Cucumber.runChild(Cucumber.java:95)\r\n\tat cucumber.api.junit.Cucumber.runChild(Cucumber.java:38)\r\n\tat org.junit.runners.ParentRunner$4.run(ParentRunner.java:331)\r\n\tat org.junit.runners.ParentRunner$1.schedule(ParentRunner.java:79)\r\n\tat org.junit.runners.ParentRunner.runChildren(ParentRunner.java:329)\r\n\tat org.junit.runners.ParentRunner.access$100(ParentRunner.java:66)\r\n\tat org.junit.runners.ParentRunner$2.evaluate(ParentRunner.java:293)\r\n\tat org.junit.internal.runners.statements.RunAfters.evaluate(RunAfters.java:27)\r\n\tat org.junit.runners.ParentRunner$3.evaluate(ParentRunner.java:306)\r\n\tat org.junit.runners.ParentRunner.run(ParentRunner.java:413)\r\n\tat cucumber.api.junit.Cucumber.run(Cucumber.java:100)\r\n\tat org.junit.runner.JUnitCore.run(JUnitCore.java:137)\r\n\tat com.intellij.junit4.JUnit4IdeaTestRunner.startRunnerWithArgs(JUnit4IdeaTestRunner.java:69)\r\n\tat com.intellij.rt.junit.IdeaTestRunner$Repeater$1.execute(IdeaTestRunner.java:38)\r\n\tat com.intellij.rt.execution.junit.TestsRepeater.repeat(TestsRepeater.java:11)\r\n\tat com.intellij.rt.junit.IdeaTestRunner$Repeater.startRunnerWithArgs(IdeaTestRunner.java:35)\r\n\tat com.intellij.rt.junit.JUnitStarter.prepareStreamsAndStart(JUnitStarter.java:235)\r\n\tat com.intellij.rt.junit.JUnitStarter.main(JUnitStarter.java:54)\r\n\tat ✽.Given I am on homepage(laptopsandnotebooks.feature:16)\r\nCaused by: java.lang.ExceptionInInitializerError: Exception java.lang.reflect.InaccessibleObjectException: Unable to make field private final java.util.Comparator java.util.TreeMap.comparator accessible: module java.base does not \"opens java.util\" to unnamed module @e73f9ac [in thread \"main\"]\r\n\tat java.base/java.lang.reflect.AccessibleObject.throwInaccessibleObjectException(AccessibleObject.java:387)\r\n\tat java.base/java.lang.reflect.AccessibleObject.checkCanSetAccessible(AccessibleObject.java:363)\r\n\tat java.base/java.lang.reflect.AccessibleObject.checkCanSetAccessible(AccessibleObject.java:311)\r\n\tat java.base/java.lang.reflect.Field.checkCanSetAccessible(Field.java:180)\r\n\tat java.base/java.lang.reflect.Field.setAccessible(Field.java:174)\r\n\tat cucumber.deps.com.thoughtworks.xstream.core.util.Fields.locate(Fields.java:39)\r\n\tat cucumber.deps.com.thoughtworks.xstream.converters.collections.TreeMapConverter.\u003cclinit\u003e(TreeMapConverter.java:50)\r\n\tat cucumber.deps.com.thoughtworks.xstream.XStream.setupConverters(XStream.java:820)\r\n\tat cucumber.deps.com.thoughtworks.xstream.XStream.\u003cinit\u003e(XStream.java:574)\r\n\tat cucumber.deps.com.thoughtworks.xstream.XStream.\u003cinit\u003e(XStream.java:530)\r\n\tat cucumber.runtime.xstream.LocalizedXStreams$LocalizedXStream.\u003cinit\u003e(LocalizedXStreams.java:50)\r\n\tat cucumber.runtime.xstream.LocalizedXStreams.newXStream(LocalizedXStreams.java:37)\r\n\tat cucumber.runtime.xstream.LocalizedXStreams.get(LocalizedXStreams.java:29)\r\n\tat cucumber.runtime.StepDefinitionMatch.runStep(StepDefinitionMatch.java:37)\r\n\tat cucumber.runtime.Runtime.runStep(Runtime.java:300)\r\n\tat cucumber.runtime.model.StepContainer.runStep(StepContainer.java:44)\r\n\tat cucumber.runtime.model.StepContainer.runSteps(StepContainer.java:39)\r\n\tat cucumber.runtime.model.CucumberScenario.run(CucumberScenario.java:44)\r\n\tat cucumber.runtime.junit.ExecutionUnitRunner.run(ExecutionUnitRunner.java:102)\r\n\tat cucumber.runtime.junit.FeatureRunner.runChild(FeatureRunner.java:63)\r\n\tat cucumber.runtime.junit.FeatureRunner.runChild(FeatureRunner.java:18)\r\n\tat org.junit.runners.ParentRunner$4.run(ParentRunner.java:331)\r\n\tat org.junit.runners.ParentRunner$1.schedule(ParentRunner.java:79)\r\n\tat org.junit.runners.ParentRunner.runChildren(ParentRunner.java:329)\r\n\tat org.junit.runners.ParentRunner.access$100(ParentRunner.java:66)\r\n\tat org.junit.runners.ParentRunner$2.evaluate(ParentRunner.java:293)\r\n\tat org.junit.runners.ParentRunner$3.evaluate(ParentRunner.java:306)\r\n\tat org.junit.runners.ParentRunner.run(ParentRunner.java:413)\r\n\tat cucumber.runtime.junit.FeatureRunner.run(FeatureRunner.java:70)\r\n\tat cucumber.api.junit.Cucumber.runChild(Cucumber.java:95)\r\n\tat cucumber.api.junit.Cucumber.runChild(Cucumber.java:38)\r\n\tat org.junit.runners.ParentRunner$4.run(ParentRunner.java:331)\r\n\tat org.junit.runners.ParentRunner$1.schedule(ParentRunner.java:79)\r\n\tat org.junit.runners.ParentRunner.runChildren(ParentRunner.java:329)\r\n\tat org.junit.runners.ParentRunner.access$100(ParentRunner.java:66)\r\n\tat org.junit.runners.ParentRunner$2.evaluate(ParentRunner.java:293)\r\n\tat org.junit.internal.runners.statements.RunAfters.evaluate(RunAfters.java:27)\r\n\tat org.junit.runners.ParentRunner$3.evaluate(ParentRunner.java:306)\r\n\tat org.junit.runners.ParentRunner.run(ParentRunner.java:413)\r\n\tat cucumber.api.junit.Cucumber.run(Cucumber.java:100)\r\n\tat org.junit.runner.JUnitCore.run(JUnitCore.java:137)\r\n\tat com.intellij.junit4.JUnit4IdeaTestRunner.startRunnerWithArgs(JUnit4IdeaTestRunner.java:69)\r\n\tat com.intellij.rt.junit.IdeaTestRunner$Repeater$1.execute(IdeaTestRunner.java:38)\r\n\tat com.intellij.rt.execution.junit.TestsRepeater.repeat(TestsRepeater.java:11)\r\n\tat com.intellij.rt.junit.IdeaTestRunner$Repeater.startRunnerWithArgs(IdeaTestRunner.java:35)\r\n\tat com.intellij.rt.junit.JUnitStarter.prepareStreamsAndStart(JUnitStarter.java:235)\r\n\tat com.intellij.rt.junit.JUnitStarter.main(JUnitStarter.java:54)\r\n",
              "status": "failed"
            },
            "line": 16,
            "name": "I am on homepage",
            "match": {
              "location": "HomePageTestSteps.iAmOnHomepage()"
            },
            "keyword": "Given "
          },
          {
            "result": {
              "status": "skipped"
            },
            "line": 17,
            "name": "I mouse hover and click on Laptops \u0026 Notebooks tab",
            "match": {
              "location": "HomePageTestSteps.iMouseHoverAndClickOnLaptopsNotebooksTab()"
            },
            "keyword": "When "
          },
          {
            "result": {
              "status": "skipped"
            },
            "line": 18,
            "name": "I click on \"Show All Laptops \u0026 Notebooks\"",
            "match": {
              "arguments": [
                {
                  "val": "Show All Laptops \u0026 Notebooks",
                  "offset": 12
                }
              ],
              "location": "LaptopsAndNotebooksTestPage.iClickOn(String)"
            },
            "keyword": "And "
          },
          {
            "result": {
              "status": "skipped"
            },
            "line": 19,
            "name": "I select sort by \"Price (High \u003e Low)\"",
            "match": {
              "arguments": [
                {
                  "val": "Price (High \u003e Low)",
                  "offset": 18
                }
              ],
              "location": "LaptopsAndNotebooksTestPage.iSelectSortBy(String)"
            },
            "keyword": "And "
          },
          {
            "result": {
              "status": "skipped"
            },
            "line": 20,
            "name": "I Select Product \"MacBook\"",
            "match": {
              "arguments": [
                {
                  "val": "MacBook",
                  "offset": 18
                }
              ],
              "location": "LaptopsAndNotebooksTestPage.iSelectProduct(String)"
            },
            "keyword": "And "
          },
          {
            "result": {
              "status": "skipped"
            },
            "line": 21,
            "name": "I verify the productText \"MacBook\"",
            "match": {
              "arguments": [
                {
                  "val": "MacBook",
                  "offset": 26
                }
              ],
              "location": "LaptopsAndNotebooksTestPage.iVerifyTheProductText(String)"
            },
            "keyword": "And "
          },
          {
            "result": {
              "status": "skipped"
            },
            "line": 22,
            "name": "I click on \"Add To Cart\" button on MacBook page",
            "match": {
              "arguments": [
                {
                  "val": "Add To Cart",
                  "offset": 12
                }
              ],
              "location": "LaptopsAndNotebooksTestPage.iClickOnButtonOnMacBookPage(String)"
            },
            "keyword": "And "
          },
          {
            "result": {
              "status": "skipped"
            },
            "line": 23,
            "name": "I verify the MacBook message \"Success: You have added MacBook to your shopping cart!\"",
            "match": {
              "arguments": [
                {
                  "val": "Success: You have added MacBook to your shopping cart!",
                  "offset": 30
                }
              ],
              "location": "LaptopsAndNotebooksTestPage.iVerifyTheMacBookMessage(String)"
            },
            "keyword": "And "
          },
          {
            "result": {
              "status": "skipped"
            },
            "line": 24,
            "name": "I click on link “shopping cart” display on MacBook page",
            "match": {
              "location": "LaptopsAndNotebooksTestPage.iClickOnLinkShoppingCartDisplayOnMacBookPage()"
            },
            "keyword": "And "
          },
          {
            "result": {
              "status": "skipped"
            },
            "line": 25,
            "name": "I verify the text \"Shopping Cart\" from MacBook page",
            "match": {
              "arguments": [
                {
                  "val": "Shopping Cart",
                  "offset": 19
                }
              ],
              "location": "LaptopsAndNotebooksTestPage.iVerifyTheTextFromMacBookPage(String)"
            },
            "keyword": "And "
          },
          {
            "result": {
              "status": "skipped"
            },
            "line": 26,
            "name": "I verify the text \"MacBook\" product name",
            "match": {
              "arguments": [
                {
                  "val": "MacBook",
                  "offset": 19
                }
              ],
              "location": "LaptopsAndNotebooksTestPage.iVerifyTheTextProductName(String)"
            },
            "keyword": "And "
          },
          {
            "result": {
              "status": "skipped"
            },
            "line": 27,
            "name": "I change the quantity \"2\"",
            "match": {
              "arguments": [
                {
                  "val": "2",
                  "offset": 23
                }
              ],
              "location": "LaptopsAndNotebooksTestPage.iChangeTheQuantity(String)"
            },
            "keyword": "And "
          },
          {
            "result": {
              "status": "skipped"
            },
            "line": 28,
            "name": "I click on \"Update\" tab",
            "match": {
              "arguments": [
                {
                  "val": "Update",
                  "offset": 12
                }
              ],
              "location": "LaptopsAndNotebooksTestPage.iClickOnTab(String)"
            },
            "keyword": "And "
          },
          {
            "result": {
              "status": "skipped"
            },
            "line": 29,
            "name": "I verify the message \"Success: You have modified your shopping cart!\" on MacBook page",
            "match": {
              "arguments": [
                {
                  "val": "Success: You have modified your shopping cart!",
                  "offset": 22
                }
              ],
              "location": "LaptopsAndNotebooksTestPage.iVerifyTheMessageOnMacBookPage(String)"
            },
            "keyword": "And "
          },
          {
            "result": {
              "status": "skipped"
            },
            "line": 30,
            "name": "I verify the Total £737.45",
            "match": {
              "arguments": [
                {
                  "val": "737",
                  "offset": 20
                },
                {
                  "val": "45",
                  "offset": 24
                }
              ],
              "location": "LaptopsAndNotebooksTestPage.iVerifyTheTotal£(int,int)"
            },
            "keyword": "And "
          },
          {
            "result": {
              "status": "skipped"
            },
            "line": 31,
            "name": "I click on \"Checkout\" button on MACBook page",
            "match": {
              "arguments": [
                {
                  "val": "Checkout",
                  "offset": 12
                }
              ],
              "location": "LaptopsAndNotebooksTestPage.iClickOnButtonOnMACBookPage(String)"
            },
            "keyword": "And "
          },
          {
            "result": {
              "status": "skipped"
            },
            "line": 32,
            "name": "I verify the text \"checkout\" on MacBook page shopping cart",
            "match": {
              "arguments": [
                {
                  "val": "checkout",
                  "offset": 19
                }
              ],
              "location": "LaptopsAndNotebooksTestPage.iVerifyTheTextOnMacBookPageShoppingCart(String)"
            },
            "keyword": "And "
          },
          {
            "result": {
              "status": "skipped"
            },
            "line": 33,
            "name": "I verify the text \"New Customer\" on MacBook page",
            "match": {
              "arguments": [
                {
                  "val": "New Customer",
                  "offset": 19
                }
              ],
              "location": "LaptopsAndNotebooksTestPage.iVerifyTheTextOnMacBookPage(String)"
            },
            "keyword": "And "
          },
          {
            "result": {
              "status": "skipped"
            },
            "line": 34,
            "name": "I click on \"Guest Checkout\" radio button",
            "match": {
              "arguments": [
                {
                  "val": "Guest Checkout",
                  "offset": 12
                }
              ],
              "location": "LaptopsAndNotebooksTestPage.iClickOnRadioButton(String)"
            },
            "keyword": "And "
          },
          {
            "result": {
              "status": "skipped"
            },
            "line": 35,
            "name": "I click on \"Continue\" tab on MacBook page",
            "match": {
              "arguments": [
                {
                  "val": "Continue",
                  "offset": 12
                }
              ],
              "location": "LaptopsAndNotebooksTestPage.iClickOnTabOnMacBookPage(String)"
            },
            "keyword": "And "
          },
          {
            "result": {
              "status": "skipped"
            },
            "line": 36,
            "name": "I enter below details in the form",
            "match": {
              "location": "LaptopsAndNotebooksTestPage.iEnterBelowDetailsInTheForm(DataTable)"
            },
            "rows": [
              {
                "cells": [
                  "John",
                  "Smith",
                  "john123@gmail.com",
                  "056981239",
                  "CrossWay",
                  "Slough",
                  "363641",
                  "United Kingdom",
                  "Cardiff"
                ],
                "line": 37
              }
            ],
            "keyword": "And "
          },
          {
            "result": {
              "status": "skipped"
            },
            "line": 38,
            "name": "I click on \"Continue\" Button on checkout page",
            "match": {
              "arguments": [
                {
                  "val": "Continue",
                  "offset": 12
                }
              ],
              "location": "LaptopsAndNotebooksTestPage.iClickOnButtonOnCheckoutPage(String)"
            },
            "keyword": "And "
          },
          {
            "result": {
              "status": "skipped"
            },
            "line": 39,
            "name": "I add comments about your order into text area",
            "match": {
              "location": "LaptopsAndNotebooksTestPage.iAddCommentsAboutYourOrderIntoTextArea()"
            },
            "keyword": "And "
          },
          {
            "result": {
              "status": "skipped"
            },
            "line": 40,
            "name": "I check the Terms \u0026 Conditions check box",
            "match": {
              "location": "LaptopsAndNotebooksTestPage.iCheckTheTermsConditionsCheckBox()"
            },
            "keyword": "And "
          },
          {
            "result": {
              "status": "skipped"
            },
            "line": 41,
            "name": "I click on continue",
            "match": {
              "location": "LaptopsAndNotebooksTestPage.iClickOnContinue()"
            },
            "keyword": "And "
          },
          {
            "result": {
              "status": "skipped"
            },
            "line": 42,
            "name": "I verify the message \"Warning: Payment method required!\" on checkout page",
            "match": {
              "arguments": [
                {
                  "val": "Warning: Payment method required!",
                  "offset": 22
                }
              ],
              "location": "LaptopsAndNotebooksTestPage.iVerifyTheMessageOnCheckoutPage(String)"
            },
            "keyword": "Then "
          }
        ],
        "tags": [
          {
            "line": 14,
            "name": "@sanity"
          },
          {
            "line": 14,
            "name": "@regression"
          }
        ]
      }
    ],
    "name": "Laptops and notebooks page",
    "description": "\r\nAs a user I should be able to navigate laptops and notebooks page and place an order successfully",
    "id": "laptops-and-notebooks-page",
    "keyword": "Feature",
    "uri": "laptopsandnotebooks.feature"
  },
  {
    "line": 1,
    "elements": [
      {
        "before": [
          {
            "result": {
              "duration": 5129600900,
              "status": "passed"
            },
            "match": {
              "location": "Hooks.setUp()"
            }
          }
        ],
        "line": 12,
        "name": "User should be able to login and logout successfully",
        "description": "",
        "id": "login-functionality;user-should-be-able-to-login-and-logout-successfully",
        "after": [
          {
            "result": {
              "duration": 405533600,
              "status": "passed"
            },
            "match": {
              "location": "Hooks.tearDown(Scenario)"
            }
          }
        ],
        "type": "scenario",
        "keyword": "Scenario",
        "steps": [
          {
            "result": {
              "duration": 691700,
              "error_message": "java.lang.NoClassDefFoundError: Could not initialize class cucumber.deps.com.thoughtworks.xstream.converters.collections.TreeMapConverter\r\n\tat cucumber.deps.com.thoughtworks.xstream.XStream.setupConverters(XStream.java:820)\r\n\tat cucumber.deps.com.thoughtworks.xstream.XStream.\u003cinit\u003e(XStream.java:574)\r\n\tat cucumber.deps.com.thoughtworks.xstream.XStream.\u003cinit\u003e(XStream.java:530)\r\n\tat cucumber.runtime.xstream.LocalizedXStreams$LocalizedXStream.\u003cinit\u003e(LocalizedXStreams.java:50)\r\n\tat cucumber.runtime.xstream.LocalizedXStreams.newXStream(LocalizedXStreams.java:37)\r\n\tat cucumber.runtime.xstream.LocalizedXStreams.get(LocalizedXStreams.java:29)\r\n\tat cucumber.runtime.StepDefinitionMatch.runStep(StepDefinitionMatch.java:37)\r\n\tat cucumber.runtime.Runtime.runStep(Runtime.java:300)\r\n\tat cucumber.runtime.model.StepContainer.runStep(StepContainer.java:44)\r\n\tat cucumber.runtime.model.StepContainer.runSteps(StepContainer.java:39)\r\n\tat cucumber.runtime.model.CucumberScenario.run(CucumberScenario.java:44)\r\n\tat cucumber.runtime.junit.ExecutionUnitRunner.run(ExecutionUnitRunner.java:102)\r\n\tat cucumber.runtime.junit.FeatureRunner.runChild(FeatureRunner.java:63)\r\n\tat cucumber.runtime.junit.FeatureRunner.runChild(FeatureRunner.java:18)\r\n\tat org.junit.runners.ParentRunner$4.run(ParentRunner.java:331)\r\n\tat org.junit.runners.ParentRunner$1.schedule(ParentRunner.java:79)\r\n\tat org.junit.runners.ParentRunner.runChildren(ParentRunner.java:329)\r\n\tat org.junit.runners.ParentRunner.access$100(ParentRunner.java:66)\r\n\tat org.junit.runners.ParentRunner$2.evaluate(ParentRunner.java:293)\r\n\tat org.junit.runners.ParentRunner$3.evaluate(ParentRunner.java:306)\r\n\tat org.junit.runners.ParentRunner.run(ParentRunner.java:413)\r\n\tat cucumber.runtime.junit.FeatureRunner.run(FeatureRunner.java:70)\r\n\tat cucumber.api.junit.Cucumber.runChild(Cucumber.java:95)\r\n\tat cucumber.api.junit.Cucumber.runChild(Cucumber.java:38)\r\n\tat org.junit.runners.ParentRunner$4.run(ParentRunner.java:331)\r\n\tat org.junit.runners.ParentRunner$1.schedule(ParentRunner.java:79)\r\n\tat org.junit.runners.ParentRunner.runChildren(ParentRunner.java:329)\r\n\tat org.junit.runners.ParentRunner.access$100(ParentRunner.java:66)\r\n\tat org.junit.runners.ParentRunner$2.evaluate(ParentRunner.java:293)\r\n\tat org.junit.internal.runners.statements.RunAfters.evaluate(RunAfters.java:27)\r\n\tat org.junit.runners.ParentRunner$3.evaluate(ParentRunner.java:306)\r\n\tat org.junit.runners.ParentRunner.run(ParentRunner.java:413)\r\n\tat cucumber.api.junit.Cucumber.run(Cucumber.java:100)\r\n\tat org.junit.runner.JUnitCore.run(JUnitCore.java:137)\r\n\tat com.intellij.junit4.JUnit4IdeaTestRunner.startRunnerWithArgs(JUnit4IdeaTestRunner.java:69)\r\n\tat com.intellij.rt.junit.IdeaTestRunner$Repeater$1.execute(IdeaTestRunner.java:38)\r\n\tat com.intellij.rt.execution.junit.TestsRepeater.repeat(TestsRepeater.java:11)\r\n\tat com.intellij.rt.junit.IdeaTestRunner$Repeater.startRunnerWithArgs(IdeaTestRunner.java:35)\r\n\tat com.intellij.rt.junit.JUnitStarter.prepareStreamsAndStart(JUnitStarter.java:235)\r\n\tat com.intellij.rt.junit.JUnitStarter.main(JUnitStarter.java:54)\r\n\tat ✽.Given I am on homepage(loginpage.feature:13)\r\nCaused by: java.lang.ExceptionInInitializerError: Exception java.lang.reflect.InaccessibleObjectException: Unable to make field private final java.util.Comparator java.util.TreeMap.comparator accessible: module java.base does not \"opens java.util\" to unnamed module @e73f9ac [in thread \"main\"]\r\n\tat java.base/java.lang.reflect.AccessibleObject.throwInaccessibleObjectException(AccessibleObject.java:387)\r\n\tat java.base/java.lang.reflect.AccessibleObject.checkCanSetAccessible(AccessibleObject.java:363)\r\n\tat java.base/java.lang.reflect.AccessibleObject.checkCanSetAccessible(AccessibleObject.java:311)\r\n\tat java.base/java.lang.reflect.Field.checkCanSetAccessible(Field.java:180)\r\n\tat java.base/java.lang.reflect.Field.setAccessible(Field.java:174)\r\n\tat cucumber.deps.com.thoughtworks.xstream.core.util.Fields.locate(Fields.java:39)\r\n\tat cucumber.deps.com.thoughtworks.xstream.converters.collections.TreeMapConverter.\u003cclinit\u003e(TreeMapConverter.java:50)\r\n\tat cucumber.deps.com.thoughtworks.xstream.XStream.setupConverters(XStream.java:820)\r\n\tat cucumber.deps.com.thoughtworks.xstream.XStream.\u003cinit\u003e(XStream.java:574)\r\n\tat cucumber.deps.com.thoughtworks.xstream.XStream.\u003cinit\u003e(XStream.java:530)\r\n\tat cucumber.runtime.xstream.LocalizedXStreams$LocalizedXStream.\u003cinit\u003e(LocalizedXStreams.java:50)\r\n\tat cucumber.runtime.xstream.LocalizedXStreams.newXStream(LocalizedXStreams.java:37)\r\n\tat cucumber.runtime.xstream.LocalizedXStreams.get(LocalizedXStreams.java:29)\r\n\tat cucumber.runtime.StepDefinitionMatch.runStep(StepDefinitionMatch.java:37)\r\n\tat cucumber.runtime.Runtime.runStep(Runtime.java:300)\r\n\tat cucumber.runtime.model.StepContainer.runStep(StepContainer.java:44)\r\n\tat cucumber.runtime.model.StepContainer.runSteps(StepContainer.java:39)\r\n\tat cucumber.runtime.model.CucumberScenario.run(CucumberScenario.java:44)\r\n\tat cucumber.runtime.junit.ExecutionUnitRunner.run(ExecutionUnitRunner.java:102)\r\n\tat cucumber.runtime.junit.FeatureRunner.runChild(FeatureRunner.java:63)\r\n\tat cucumber.runtime.junit.FeatureRunner.runChild(FeatureRunner.java:18)\r\n\tat org.junit.runners.ParentRunner$4.run(ParentRunner.java:331)\r\n\tat org.junit.runners.ParentRunner$1.schedule(ParentRunner.java:79)\r\n\tat org.junit.runners.ParentRunner.runChildren(ParentRunner.java:329)\r\n\tat org.junit.runners.ParentRunner.access$100(ParentRunner.java:66)\r\n\tat org.junit.runners.ParentRunner$2.evaluate(ParentRunner.java:293)\r\n\tat org.junit.runners.ParentRunner$3.evaluate(ParentRunner.java:306)\r\n\tat org.junit.runners.ParentRunner.run(ParentRunner.java:413)\r\n\tat cucumber.runtime.junit.FeatureRunner.run(FeatureRunner.java:70)\r\n\tat cucumber.api.junit.Cucumber.runChild(Cucumber.java:95)\r\n\tat cucumber.api.junit.Cucumber.runChild(Cucumber.java:38)\r\n\tat org.junit.runners.ParentRunner$4.run(ParentRunner.java:331)\r\n\tat org.junit.runners.ParentRunner$1.schedule(ParentRunner.java:79)\r\n\tat org.junit.runners.ParentRunner.runChildren(ParentRunner.java:329)\r\n\tat org.junit.runners.ParentRunner.access$100(ParentRunner.java:66)\r\n\tat org.junit.runners.ParentRunner$2.evaluate(ParentRunner.java:293)\r\n\tat org.junit.internal.runners.statements.RunAfters.evaluate(RunAfters.java:27)\r\n\tat org.junit.runners.ParentRunner$3.evaluate(ParentRunner.java:306)\r\n\tat org.junit.runners.ParentRunner.run(ParentRunner.java:413)\r\n\tat cucumber.api.junit.Cucumber.run(Cucumber.java:100)\r\n\tat org.junit.runner.JUnitCore.run(JUnitCore.java:137)\r\n\tat com.intellij.junit4.JUnit4IdeaTestRunner.startRunnerWithArgs(JUnit4IdeaTestRunner.java:69)\r\n\tat com.intellij.rt.junit.IdeaTestRunner$Repeater$1.execute(IdeaTestRunner.java:38)\r\n\tat com.intellij.rt.execution.junit.TestsRepeater.repeat(TestsRepeater.java:11)\r\n\tat com.intellij.rt.junit.IdeaTestRunner$Repeater.startRunnerWithArgs(IdeaTestRunner.java:35)\r\n\tat com.intellij.rt.junit.JUnitStarter.prepareStreamsAndStart(JUnitStarter.java:235)\r\n\tat com.intellij.rt.junit.JUnitStarter.main(JUnitStarter.java:54)\r\n",
              "status": "failed"
            },
            "line": 13,
            "name": "I am on homepage",
            "match": {
              "location": "HomePageTestSteps.iAmOnHomepage()"
            },
            "keyword": "Given "
          },
          {
            "result": {
              "status": "skipped"
            },
            "line": 14,
            "name": "I pass selectMyAccountOptions method parameter \"Login\" on homepage",
            "match": {
              "arguments": [
                {
                  "val": "Login",
                  "offset": 48
                }
              ],
              "location": "LoginTestPage.iPassSelectMyAccountOptionsMethodParameterOnHomepage(String)"
            },
            "keyword": "When "
          },
          {
            "result": {
              "status": "skipped"
            },
            "line": 15,
            "name": "I enter the below details in the form",
            "match": {
              "location": "LoginTestPage.iEnterTheBelowDetailsInTheForm(DataTable)"
            },
            "rows": [
              {
                "cells": [
                  "magnussmith123@gmail.com",
                  "smith123456"
                ],
                "line": 16
              }
            ],
            "keyword": "And "
          },
          {
            "result": {
              "status": "skipped"
            },
            "line": 17,
            "name": "I click on Login button",
            "match": {
              "location": "LoginTestPage.iClickOnLoginButton()"
            },
            "keyword": "And "
          },
          {
            "result": {
              "status": "skipped"
            },
            "line": 18,
            "name": "I verify text \"My Account\"",
            "match": {
              "arguments": [
                {
                  "val": "My Account",
                  "offset": 15
                }
              ],
              "location": "LoginTestPage.iVerifyText(String)"
            },
            "keyword": "And "
          },
          {
            "result": {
              "status": "skipped"
            },
            "line": 19,
            "name": "I pass selectMyAccountOptions method parameter \"Logout\" on my account page",
            "match": {
              "arguments": [
                {
                  "val": "Logout",
                  "offset": 48
                }
              ],
              "location": "LoginTestPage.iPassSelectMyAccountOptionsMethodParameterOnMyAccountPage(String)"
            },
            "keyword": "And "
          },
          {
            "result": {
              "status": "skipped"
            },
            "line": 20,
            "name": "I verify text \"Account Logout\" from homepage",
            "match": {
              "arguments": [
                {
                  "val": "Account Logout",
                  "offset": 15
                }
              ],
              "location": "LoginTestPage.iVerifyTextFromHomepage(String)"
            },
            "keyword": "And "
          },
          {
            "result": {
              "status": "skipped"
            },
            "line": 21,
            "name": "I click on continue button on homepage",
            "match": {
              "location": "LoginTestPage.iClickOnContinueButtonOnHomepage()"
            },
            "keyword": "Then "
          }
        ],
        "tags": [
          {
            "line": 11,
            "name": "@sanity"
          },
          {
            "line": 11,
            "name": "@regression"
          }
        ]
      }
    ],
    "name": "Login functionality",
    "description": "As user I want to navigate to login link and verify the login and logout functionality",
    "id": "login-functionality",
    "keyword": "Feature",
    "uri": "loginpage.feature"
  },
  {
    "line": 1,
    "elements": [
      {
        "before": [
          {
            "result": {
              "duration": 5243066900,
              "status": "passed"
            },
            "match": {
              "location": "Hooks.setUp()"
            }
          }
        ],
        "line": 5,
        "name": "User should be able to navigate to register page successfully",
        "description": "",
        "id": "registration-functionality;user-should-be-able-to-navigate-to-register-page-successfully",
        "after": [
          {
            "result": {
              "duration": 419003700,
              "status": "passed"
            },
            "match": {
              "location": "Hooks.tearDown(Scenario)"
            }
          }
        ],
        "type": "scenario",
        "keyword": "Scenario",
        "steps": [
          {
            "result": {
              "duration": 735200,
              "error_message": "java.lang.NoClassDefFoundError: Could not initialize class cucumber.deps.com.thoughtworks.xstream.converters.collections.TreeMapConverter\r\n\tat cucumber.deps.com.thoughtworks.xstream.XStream.setupConverters(XStream.java:820)\r\n\tat cucumber.deps.com.thoughtworks.xstream.XStream.\u003cinit\u003e(XStream.java:574)\r\n\tat cucumber.deps.com.thoughtworks.xstream.XStream.\u003cinit\u003e(XStream.java:530)\r\n\tat cucumber.runtime.xstream.LocalizedXStreams$LocalizedXStream.\u003cinit\u003e(LocalizedXStreams.java:50)\r\n\tat cucumber.runtime.xstream.LocalizedXStreams.newXStream(LocalizedXStreams.java:37)\r\n\tat cucumber.runtime.xstream.LocalizedXStreams.get(LocalizedXStreams.java:29)\r\n\tat cucumber.runtime.StepDefinitionMatch.runStep(StepDefinitionMatch.java:37)\r\n\tat cucumber.runtime.Runtime.runStep(Runtime.java:300)\r\n\tat cucumber.runtime.model.StepContainer.runStep(StepContainer.java:44)\r\n\tat cucumber.runtime.model.StepContainer.runSteps(StepContainer.java:39)\r\n\tat cucumber.runtime.model.CucumberScenario.run(CucumberScenario.java:44)\r\n\tat cucumber.runtime.junit.ExecutionUnitRunner.run(ExecutionUnitRunner.java:102)\r\n\tat cucumber.runtime.junit.FeatureRunner.runChild(FeatureRunner.java:63)\r\n\tat cucumber.runtime.junit.FeatureRunner.runChild(FeatureRunner.java:18)\r\n\tat org.junit.runners.ParentRunner$4.run(ParentRunner.java:331)\r\n\tat org.junit.runners.ParentRunner$1.schedule(ParentRunner.java:79)\r\n\tat org.junit.runners.ParentRunner.runChildren(ParentRunner.java:329)\r\n\tat org.junit.runners.ParentRunner.access$100(ParentRunner.java:66)\r\n\tat org.junit.runners.ParentRunner$2.evaluate(ParentRunner.java:293)\r\n\tat org.junit.runners.ParentRunner$3.evaluate(ParentRunner.java:306)\r\n\tat org.junit.runners.ParentRunner.run(ParentRunner.java:413)\r\n\tat cucumber.runtime.junit.FeatureRunner.run(FeatureRunner.java:70)\r\n\tat cucumber.api.junit.Cucumber.runChild(Cucumber.java:95)\r\n\tat cucumber.api.junit.Cucumber.runChild(Cucumber.java:38)\r\n\tat org.junit.runners.ParentRunner$4.run(ParentRunner.java:331)\r\n\tat org.junit.runners.ParentRunner$1.schedule(ParentRunner.java:79)\r\n\tat org.junit.runners.ParentRunner.runChildren(ParentRunner.java:329)\r\n\tat org.junit.runners.ParentRunner.access$100(ParentRunner.java:66)\r\n\tat org.junit.runners.ParentRunner$2.evaluate(ParentRunner.java:293)\r\n\tat org.junit.internal.runners.statements.RunAfters.evaluate(RunAfters.java:27)\r\n\tat org.junit.runners.ParentRunner$3.evaluate(ParentRunner.java:306)\r\n\tat org.junit.runners.ParentRunner.run(ParentRunner.java:413)\r\n\tat cucumber.api.junit.Cucumber.run(Cucumber.java:100)\r\n\tat org.junit.runner.JUnitCore.run(JUnitCore.java:137)\r\n\tat com.intellij.junit4.JUnit4IdeaTestRunner.startRunnerWithArgs(JUnit4IdeaTestRunner.java:69)\r\n\tat com.intellij.rt.junit.IdeaTestRunner$Repeater$1.execute(IdeaTestRunner.java:38)\r\n\tat com.intellij.rt.execution.junit.TestsRepeater.repeat(TestsRepeater.java:11)\r\n\tat com.intellij.rt.junit.IdeaTestRunner$Repeater.startRunnerWithArgs(IdeaTestRunner.java:35)\r\n\tat com.intellij.rt.junit.JUnitStarter.prepareStreamsAndStart(JUnitStarter.java:235)\r\n\tat com.intellij.rt.junit.JUnitStarter.main(JUnitStarter.java:54)\r\n\tat ✽.Given I am on homepage(registerpage.feature:6)\r\nCaused by: java.lang.ExceptionInInitializerError: Exception java.lang.reflect.InaccessibleObjectException: Unable to make field private final java.util.Comparator java.util.TreeMap.comparator accessible: module java.base does not \"opens java.util\" to unnamed module @e73f9ac [in thread \"main\"]\r\n\tat java.base/java.lang.reflect.AccessibleObject.throwInaccessibleObjectException(AccessibleObject.java:387)\r\n\tat java.base/java.lang.reflect.AccessibleObject.checkCanSetAccessible(AccessibleObject.java:363)\r\n\tat java.base/java.lang.reflect.AccessibleObject.checkCanSetAccessible(AccessibleObject.java:311)\r\n\tat java.base/java.lang.reflect.Field.checkCanSetAccessible(Field.java:180)\r\n\tat java.base/java.lang.reflect.Field.setAccessible(Field.java:174)\r\n\tat cucumber.deps.com.thoughtworks.xstream.core.util.Fields.locate(Fields.java:39)\r\n\tat cucumber.deps.com.thoughtworks.xstream.converters.collections.TreeMapConverter.\u003cclinit\u003e(TreeMapConverter.java:50)\r\n\tat cucumber.deps.com.thoughtworks.xstream.XStream.setupConverters(XStream.java:820)\r\n\tat cucumber.deps.com.thoughtworks.xstream.XStream.\u003cinit\u003e(XStream.java:574)\r\n\tat cucumber.deps.com.thoughtworks.xstream.XStream.\u003cinit\u003e(XStream.java:530)\r\n\tat cucumber.runtime.xstream.LocalizedXStreams$LocalizedXStream.\u003cinit\u003e(LocalizedXStreams.java:50)\r\n\tat cucumber.runtime.xstream.LocalizedXStreams.newXStream(LocalizedXStreams.java:37)\r\n\tat cucumber.runtime.xstream.LocalizedXStreams.get(LocalizedXStreams.java:29)\r\n\tat cucumber.runtime.StepDefinitionMatch.runStep(StepDefinitionMatch.java:37)\r\n\tat cucumber.runtime.Runtime.runStep(Runtime.java:300)\r\n\tat cucumber.runtime.model.StepContainer.runStep(StepContainer.java:44)\r\n\tat cucumber.runtime.model.StepContainer.runSteps(StepContainer.java:39)\r\n\tat cucumber.runtime.model.CucumberScenario.run(CucumberScenario.java:44)\r\n\tat cucumber.runtime.junit.ExecutionUnitRunner.run(ExecutionUnitRunner.java:102)\r\n\tat cucumber.runtime.junit.FeatureRunner.runChild(FeatureRunner.java:63)\r\n\tat cucumber.runtime.junit.FeatureRunner.runChild(FeatureRunner.java:18)\r\n\tat org.junit.runners.ParentRunner$4.run(ParentRunner.java:331)\r\n\tat org.junit.runners.ParentRunner$1.schedule(ParentRunner.java:79)\r\n\tat org.junit.runners.ParentRunner.runChildren(ParentRunner.java:329)\r\n\tat org.junit.runners.ParentRunner.access$100(ParentRunner.java:66)\r\n\tat org.junit.runners.ParentRunner$2.evaluate(ParentRunner.java:293)\r\n\tat org.junit.runners.ParentRunner$3.evaluate(ParentRunner.java:306)\r\n\tat org.junit.runners.ParentRunner.run(ParentRunner.java:413)\r\n\tat cucumber.runtime.junit.FeatureRunner.run(FeatureRunner.java:70)\r\n\tat cucumber.api.junit.Cucumber.runChild(Cucumber.java:95)\r\n\tat cucumber.api.junit.Cucumber.runChild(Cucumber.java:38)\r\n\tat org.junit.runners.ParentRunner$4.run(ParentRunner.java:331)\r\n\tat org.junit.runners.ParentRunner$1.schedule(ParentRunner.java:79)\r\n\tat org.junit.runners.ParentRunner.runChildren(ParentRunner.java:329)\r\n\tat org.junit.runners.ParentRunner.access$100(ParentRunner.java:66)\r\n\tat org.junit.runners.ParentRunner$2.evaluate(ParentRunner.java:293)\r\n\tat org.junit.internal.runners.statements.RunAfters.evaluate(RunAfters.java:27)\r\n\tat org.junit.runners.ParentRunner$3.evaluate(ParentRunner.java:306)\r\n\tat org.junit.runners.ParentRunner.run(ParentRunner.java:413)\r\n\tat cucumber.api.junit.Cucumber.run(Cucumber.java:100)\r\n\tat org.junit.runner.JUnitCore.run(JUnitCore.java:137)\r\n\tat com.intellij.junit4.JUnit4IdeaTestRunner.startRunnerWithArgs(JUnit4IdeaTestRunner.java:69)\r\n\tat com.intellij.rt.junit.IdeaTestRunner$Repeater$1.execute(IdeaTestRunner.java:38)\r\n\tat com.intellij.rt.execution.junit.TestsRepeater.repeat(TestsRepeater.java:11)\r\n\tat com.intellij.rt.junit.IdeaTestRunner$Repeater.startRunnerWithArgs(IdeaTestRunner.java:35)\r\n\tat com.intellij.rt.junit.JUnitStarter.prepareStreamsAndStart(JUnitStarter.java:235)\r\n\tat com.intellij.rt.junit.JUnitStarter.main(JUnitStarter.java:54)\r\n",
              "status": "failed"
            },
            "line": 6,
            "name": "I am on homepage",
            "match": {
              "location": "HomePageTestSteps.iAmOnHomepage()"
            },
            "keyword": "Given "
          },
          {
            "result": {
              "status": "skipped"
            },
            "line": 7,
            "name": "I pass selectMyAccountOptions method parameter \"Register\"",
            "match": {
              "arguments": [
                {
                  "val": "Register",
                  "offset": 48
                }
              ],
              "location": "RegistrationTestPage.i_pass_selectMyAccountOptions_method_parameter(String)"
            },
            "keyword": "When "
          },
          {
            "result": {
              "status": "skipped"
            },
            "line": 8,
            "name": "I should be able to verify \"Register Account\"",
            "match": {
              "arguments": [
                {
                  "val": "Register Account",
                  "offset": 28
                }
              ],
              "location": "RegistrationTestPage.i_should_be_able_to_verify(String)"
            },
            "keyword": "Then "
          }
        ],
        "tags": [
          {
            "line": 4,
            "name": "@sanity"
          },
          {
            "line": 4,
            "name": "@regression"
          }
        ]
      }
    ],
    "name": "Registration functionality",
    "description": "As user I want to navigate to register link and verify the registration functionality",
    "id": "registration-functionality",
    "keyword": "Feature",
    "uri": "registerpage.feature"
  }
]